<?xml version="1.0" encoding="UTF-8"?>
<robot generator="Robot 3.2.2 (Python 3.9.0 on win32)" generated="20201211 10:15:55.035" rpa="false">
<suite id="s1" name="Amazon" source="C:\development\robot-scripts\Demo\tests\amazon.robot">
<test id="s1-t1" name="User must sign in to check out">
<kw name="Open Browser" library="SeleniumLibrary">
<doc>Opens a new browser instance to the optional ``url``.</doc>
<arguments>
<arg>http://www.amazon.com</arg>
<arg>ie</arg>
</arguments>
<msg timestamp="20201211 10:15:55.258" level="INFO">Opening browser 'ie' to base url 'http://www.amazon.com'.</msg>
<status status="PASS" starttime="20201211 10:15:55.258" endtime="20201211 10:15:58.306"></status>
</kw>
<kw name="Sleep" library="BuiltIn">
<doc>Pauses the test executed for the given time.</doc>
<arguments>
<arg>3s</arg>
</arguments>
<msg timestamp="20201211 10:16:01.309" level="INFO">Slept 3 seconds</msg>
<status status="PASS" starttime="20201211 10:15:58.306" endtime="20201211 10:16:01.309"></status>
</kw>
<kw name="Close Browser" library="SeleniumLibrary">
<doc>Closes the current browser.</doc>
<status status="PASS" starttime="20201211 10:16:01.309" endtime="20201211 10:16:04.534"></status>
</kw>
<doc>This is some basic info about the test</doc>
<tags>
<tag>Smoke</tag>
</tags>
<status status="PASS" starttime="20201211 10:15:55.257" endtime="20201211 10:16:04.535" critical="yes"></status>
</test>
<doc>This is some basic info about the whole suite</doc>
<status status="PASS" starttime="20201211 10:15:55.037" endtime="20201211 10:16:04.536"></status>
</suite>
<statistics>
<total>
<stat pass="1" fail="0">Critical Tests</stat>
<stat pass="1" fail="0">All Tests</stat>
</total>
<tag>
<stat pass="1" fail="0">Smoke</stat>
</tag>
<suite>
<stat pass="1" fail="0" id="s1" name="Amazon">Amazon</stat>
</suite>
</statistics>
<errors>
</errors>
</robot>
