<?xml version="1.0" encoding="UTF-8"?>
<robot generator="Robot 3.2.2 (Python 3.9.0 on win32)" generated="20210102 16:50:22.827" rpa="false">
<suite id="s1" name="Amazon" source="C:\development\School_projects\robot-scripts\Amazon Demo\Tests\amazon.robot">
<test id="s1-t1" name="Logged out user must sign in to check out">
<kw name="Begin web test" library="Common" type="setup">
<kw name="Log" library="BuiltIn">
<doc>Logs the given message with the given level.</doc>
<arguments>
<arg>${BROWSER}</arg>
</arguments>
<msg timestamp="20210102 16:50:23.086" level="INFO">firefox</msg>
<status status="PASS" starttime="20210102 16:50:23.086" endtime="20210102 16:50:23.086"></status>
</kw>
<kw name="Open Browser" library="SeleniumLibrary">
<doc>Opens a new browser instance to the optional ``url``.</doc>
<arguments>
<arg>about:blank</arg>
<arg>${BROWSER}</arg>
</arguments>
<msg timestamp="20210102 16:50:23.086" level="INFO">Opening browser 'firefox' to base url 'about:blank'.</msg>
<msg timestamp="20210102 16:50:23.088" level="INFO">Firefox driver log is always forced to to: C:\development\School_projects\robot-scripts\Amazon Demo\results\geckodriver-1.log</msg>
<status status="PASS" starttime="20210102 16:50:23.086" endtime="20210102 16:50:32.041"></status>
</kw>
<status status="PASS" starttime="20210102 16:50:23.085" endtime="20210102 16:50:32.041"></status>
</kw>
<kw name="Search for Products">
<msg timestamp="20210102 16:50:32.042" level="FAIL">Multiple keywords with name 'Search for Products' found. Give the full name of the keyword you want to use:
    Amazon.Search for Products
    TopNav.Search For Products</msg>
<status status="FAIL" starttime="20210102 16:50:32.042" endtime="20210102 16:50:32.042"></status>
</kw>
<kw name="End web test" library="Common" type="teardown">
<kw name="Close Browser" library="SeleniumLibrary">
<doc>Closes the current browser.</doc>
<status status="PASS" starttime="20210102 16:50:32.043" endtime="20210102 16:50:32.942"></status>
</kw>
<status status="PASS" starttime="20210102 16:50:32.043" endtime="20210102 16:50:32.942"></status>
</kw>
<doc>This test loads the amazon.com page, looks for a product and tries to check out. Once it verifies a sign in page it ends the tests.</doc>
<tags>
<tag>Smoke</tag>
</tags>
<status status="FAIL" starttime="20210102 16:50:23.085" endtime="20210102 16:50:32.942" critical="yes">Multiple keywords with name 'Search for Products' found. Give the full name of the keyword you want to use:
    Amazon.Search for Products
    TopNav.Search For Products</status>
</test>
<doc>This is some basic info about the whole suite</doc>
<status status="FAIL" starttime="20210102 16:50:22.829" endtime="20210102 16:50:32.945"></status>
</suite>
<statistics>
<total>
<stat pass="0" fail="1">Critical Tests</stat>
<stat pass="0" fail="1">All Tests</stat>
</total>
<tag>
<stat pass="0" fail="1">Smoke</stat>
</tag>
<suite>
<stat pass="0" fail="1" id="s1" name="Amazon">Amazon</stat>
</suite>
</statistics>
<errors>
</errors>
</robot>
